<?xml version="1.0" encoding="UTF-8"?>
<testsuite xmlns:xsi="http://www.w3.org/2001/XMLSchema-instance" xsi:noNamespaceSchemaLocation="https://maven.apache.org/surefire/maven-surefire-plugin/xsd/surefire-test-report-3.0.xsd" version="3.0" name="com.example.AddBookTest" time="0.09" tests="5" errors="0" skipped="0" failures="0">
  <properties>
    <property name="java.specification.version" value="19"/>
    <property name="sun.cpu.isalist" value="amd64"/>
    <property name="sun.jnu.encoding" value="Cp1252"/>
    <property name="java.class.path" value="C:\Users\jitendravarma\Desktop\Library Management System\Library Management System\target\test-classes;C:\Users\jitendravarma\Desktop\Library Management System\Library Management System\target\classes;C:\Users\jitendravarma\.m2\repository\junit\junit\4.13.2\junit-4.13.2.jar;C:\Users\jitendravarma\.m2\repository\org\hamcrest\hamcrest-core\1.3\hamcrest-core-1.3.jar;"/>
    <property name="java.vm.vendor" value="Oracle Corporation"/>
    <property name="sun.arch.data.model" value="64"/>
    <property name="user.variant" value=""/>
    <property name="java.vendor.url" value="https://java.oracle.com/"/>
    <property name="user.timezone" value="Asia/Calcutta"/>
    <property name="os.name" value="Windows 10"/>
    <property name="java.vm.specification.version" value="19"/>
    <property name="sun.java.launcher" value="SUN_STANDARD"/>
    <property name="user.country" value="IN"/>
    <property name="sun.boot.library.path" value="C:\Program Files\Java\jdk-19\bin"/>
    <property name="sun.java.command" value="C:\Users\jitendravarma\AppData\Local\Temp\surefire4305284129387711440\surefirebooter-20240901132806715_3.jar C:\Users\jitendravarma\AppData\Local\Temp\surefire4305284129387711440 2024-09-01T13-28-06_563-jvmRun1 surefire-20240901132806715_1tmp surefire_0-20240901132806715_2tmp"/>
    <property name="jdk.debug" value="release"/>
    <property name="surefire.test.class.path" value="C:\Users\jitendravarma\Desktop\Library Management System\Library Management System\target\test-classes;C:\Users\jitendravarma\Desktop\Library Management System\Library Management System\target\classes;C:\Users\jitendravarma\.m2\repository\junit\junit\4.13.2\junit-4.13.2.jar;C:\Users\jitendravarma\.m2\repository\org\hamcrest\hamcrest-core\1.3\hamcrest-core-1.3.jar;"/>
    <property name="sun.cpu.endian" value="little"/>
    <property name="user.home" value="C:\Users\jitendravarma"/>
    <property name="user.language" value="en"/>
    <property name="java.specification.vendor" value="Oracle Corporation"/>
    <property name="java.version.date" value="2023-01-17"/>
    <property name="java.home" value="C:\Program Files\Java\jdk-19"/>
    <property name="file.separator" value="\"/>
    <property name="basedir" value="C:\Users\jitendravarma\Desktop\Library Management System\Library Management System"/>
    <property name="java.vm.compressedOopsMode" value="32-bit"/>
    <property name="line.separator" value="&#10;"/>
    <property name="java.vm.specification.vendor" value="Oracle Corporation"/>
    <property name="java.specification.name" value="Java Platform API Specification"/>
    <property name="surefire.real.class.path" value="C:\Users\jitendravarma\AppData\Local\Temp\surefire4305284129387711440\surefirebooter-20240901132806715_3.jar"/>
    <property name="user.script" value=""/>
    <property name="sun.management.compiler" value="HotSpot 64-Bit Tiered Compilers"/>
    <property name="java.runtime.version" value="19.0.2+7-44"/>
    <property name="user.name" value="91997"/>
    <property name="stdout.encoding" value="Cp1252"/>
    <property name="path.separator" value=";"/>
    <property name="os.version" value="10.0"/>
    <property name="java.runtime.name" value="Java(TM) SE Runtime Environment"/>
    <property name="file.encoding" value="UTF-8"/>
    <property name="java.vm.name" value="Java HotSpot(TM) 64-Bit Server VM"/>
    <property name="localRepository" value="C:\Users\jitendravarma\.m2\repository"/>
    <property name="java.vendor.url.bug" value="https://bugreport.java.com/bugreport/"/>
    <property name="java.io.tmpdir" value="C:\Users\JITEND~1\AppData\Local\Temp\"/>
    <property name="java.version" value="19.0.2"/>
    <property name="user.dir" value="C:\Users\jitendravarma\Desktop\Library Management System\Library Management System"/>
    <property name="os.arch" value="amd64"/>
    <property name="java.vm.specification.name" value="Java Virtual Machine Specification"/>
    <property name="sun.os.patch.level" value=""/>
    <property name="native.encoding" value="Cp1252"/>
    <property name="java.library.path" value="C:\Program Files\Java\jdk-19\bin;C:\windows\Sun\Java\bin;C:\windows\system32;C:\windows;C:\Program Files\Common Files\Oracle\Java\javapath;C:\windows\system32;C:\windows;C:\windows\System32\Wbem;C:\windows\System32\WindowsPowerShell\v1.0\;C:\windows\System32\OpenSSH\;C:\MinGW\bin;C:\Program Files\Java\jdk-19\bin;C:\Program Files\Common Files\Oracle\Java\javapath;C:\Program Files\nodejs\;C:\xampp\php;C:\Program Files\Git\cmd;C:\Program Files\Git\mingw64\bin;C:\Program Files\Git\usr\bin;C:\Program Files\nodejs;C:\Program Files\MongoDB\mongosh-2.1.1-win32-x64\bin;C:\Users\jitendravarma\AppData\Roaming\npm;C:\Maven\apache-maven-3.9.9\bin;C:\Users\jitendravarma\.console-ninja\.bin;C:\Program Files\MySQL\MySQL Shell 8.0\bin\;C:\Users\91997\AppData\Local\Programs\Python\Python310\Scripts\;C:\Users\91997\AppData\Local\Programs\Python\Python310\;C:\Users\jitendravarma\AppData\Local\Microsoft\WindowsApps;C:\Users\91997\Downloads\MinGW\bin;C:\Program Files\Java\jdk-19\bin;C:\Users\91997\AppData\Roaming\npm;C:\Users\jitendravarma\AppData\Local\GitHubDesktop\bin;C:\Users\jitendravarma\AppData\Local\Programs\Microsoft VS Code\bin;;."/>
    <property name="java.vm.info" value="mixed mode, sharing"/>
    <property name="stderr.encoding" value="Cp1252"/>
    <property name="java.vendor" value="Oracle Corporation"/>
    <property name="java.vm.version" value="19.0.2+7-44"/>
    <property name="sun.io.unicode.encoding" value="UnicodeLittle"/>
    <property name="java.class.version" value="63.0"/>
  </properties>
  <testcase name="testAddBookWithPublicationYear" classname="com.example.AddBookTest" time="0.001"/>
  <testcase name="testValidISBN" classname="com.example.AddBookTest" time="0.0"/>
  <testcase name="testAddBookWithNullValues" classname="com.example.AddBookTest" time="0.0"/>
  <testcase name="testAddBookWithDuplicateISBN" classname="com.example.AddBookTest" time="0.01"/>
  <testcase name="testAddBookWithEmptyValue" classname="com.example.AddBookTest" time="0.002"/>
</testsuite>